<?xml version="1.0" encoding="UTF-8"?>
<testng-results ignored="0" total="1" passed="1" failed="0" skipped="0">
  <reporter-output>
  </reporter-output>
  <suite started-at="2023-06-26T17:14:06 CDT" name="Mysuite" finished-at="2023-06-26T17:14:14 CDT" duration-ms="8652">
    <groups>
    </groups>
    <test started-at="2023-06-26T17:14:06 CDT" name="EappTestAutomation" finished-at="2023-06-26T17:14:14 CDT" duration-ms="8652">
      <class name="Mypack.NewTest">
        <test-method is-config="true" signature="beforeTest()[pri:0, instance:Mypack.NewTest@2e6a8155]" started-at="2023-06-26T17:14:06 CDT" name="beforeTest" finished-at="2023-06-26T17:14:09 CDT" duration-ms="2969" status="PASS">
          <reporter-output>
          </reporter-output>
        </test-method> <!-- beforeTest -->
        <test-method signature="f()[pri:0, instance:Mypack.NewTest@2e6a8155]" started-at="2023-06-26T17:14:09 CDT" name="f" finished-at="2023-06-26T17:14:14 CDT" duration-ms="5439" status="PASS">
          <reporter-output>
          </reporter-output>
        </test-method> <!-- f -->
        <test-method is-config="true" signature="afterTest()[pri:0, instance:Mypack.NewTest@2e6a8155]" started-at="2023-06-26T17:14:14 CDT" name="afterTest" finished-at="2023-06-26T17:14:14 CDT" duration-ms="201" status="PASS">
          <reporter-output>
          </reporter-output>
        </test-method> <!-- afterTest -->
      </class> <!-- Mypack.NewTest -->
    </test> <!-- EappTestAutomation -->
  </suite> <!-- Mysuite -->
</testng-results>
